Determining if the pthread_create exist failed with the following output:
Change Dir: /home/zjl/HRG_hand/Hrg手势识别/8_Mp3/2_HRG_MP3/build/CMakeFiles/CMakeTmp

Run Build Command:"/usr/bin/make" "cmTC_631f2/fast"
/usr/bin/make -f CMakeFiles/cmTC_631f2.dir/build.make CMakeFiles/cmTC_631f2.dir/build
make[1]: Entering directory '/home/zjl/HRG_hand/Hrg手势识别/8_Mp3/2_HRG_MP3/build/CMakeFiles/CMakeTmp'
Building C object CMakeFiles/cmTC_631f2.dir/CheckSymbolExists.c.o
/usr/bin/cc     -o CMakeFiles/cmTC_631f2.dir/CheckSymbolExists.c.o   -c /home/zjl/HRG_hand/Hrg手势识别/8_Mp3/2_HRG_MP3/build/CMakeFiles/CMakeTmp/CheckSymbolExists.c
Linking C executable cmTC_631f2
/usr/bin/cmake -E cmake_link_script CMakeFiles/cmTC_631f2.dir/link.txt --verbose=1
/usr/bin/cc       CMakeFiles/cmTC_631f2.dir/CheckSymbolExists.c.o  -o cmTC_631f2 
CMakeFiles/cmTC_631f2.dir/CheckSymbolExists.c.o：在函数‘main’中：
CheckSymbolExists.c:(.text+0x16)：对‘pthread_create’未定义的引用
collect2: error: ld returned 1 exit status
CMakeFiles/cmTC_631f2.dir/build.make:97: recipe for target 'cmTC_631f2' failed
make[1]: *** [cmTC_631f2] Error 1
make[1]: Leaving directory '/home/zjl/HRG_hand/Hrg手势识别/8_Mp3/2_HRG_MP3/build/CMakeFiles/CMakeTmp'
Makefile:126: recipe for target 'cmTC_631f2/fast' failed
make: *** [cmTC_631f2/fast] Error 2

File /home/zjl/HRG_hand/Hrg手势识别/8_Mp3/2_HRG_MP3/build/CMakeFiles/CMakeTmp/CheckSymbolExists.c:
/* */
#include <pthread.h>

int main(int argc, char** argv)
{
  (void)argv;
#ifndef pthread_create
  return ((int*)(&pthread_create))[argc];
#else
  (void)argc;
  return 0;
#endif
}

Determining if the function pthread_create exists in the pthreads failed with the following output:
Change Dir: /home/zjl/HRG_hand/Hrg手势识别/8_Mp3/2_HRG_MP3/build/CMakeFiles/CMakeTmp

Run Build Command:"/usr/bin/make" "cmTC_c3ebf/fast"
/usr/bin/make -f CMakeFiles/cmTC_c3ebf.dir/build.make CMakeFiles/cmTC_c3ebf.dir/build
make[1]: Entering directory '/home/zjl/HRG_hand/Hrg手势识别/8_Mp3/2_HRG_MP3/build/CMakeFiles/CMakeTmp'
Building C object CMakeFiles/cmTC_c3ebf.dir/CheckFunctionExists.c.o
/usr/bin/cc    -DCHECK_FUNCTION_EXISTS=pthread_create   -o CMakeFiles/cmTC_c3ebf.dir/CheckFunctionExists.c.o   -c /usr/share/cmake-3.5/Modules/CheckFunctionExists.c
Linking C executable cmTC_c3ebf
/usr/bin/cmake -E cmake_link_script CMakeFiles/cmTC_c3ebf.dir/link.txt --verbose=1
/usr/bin/cc   -DCHECK_FUNCTION_EXISTS=pthread_create    CMakeFiles/cmTC_c3ebf.dir/CheckFunctionExists.c.o  -o cmTC_c3ebf -lpthreads 
/usr/bin/ld: 找不到 -lpthreads
collect2: error: ld returned 1 exit status
CMakeFiles/cmTC_c3ebf.dir/build.make:97: recipe for target 'cmTC_c3ebf' failed
make[1]: *** [cmTC_c3ebf] Error 1
make[1]: Leaving directory '/home/zjl/HRG_hand/Hrg手势识别/8_Mp3/2_HRG_MP3/build/CMakeFiles/CMakeTmp'
Makefile:126: recipe for target 'cmTC_c3ebf/fast' failed
make: *** [cmTC_c3ebf/fast] Error 2


